DEB [20121121-14:15:44.858] thr=1   paramiko.transport: starting thread (client mode): 0x83efc10L
INF [20121121-14:15:44.950] thr=1   paramiko.transport: Connected (version 2.0, client OpenSSH_4.3)
DEB [20121121-14:15:45.033] thr=1   paramiko.transport: kex algos:['diffie-hellman-group-exchange-sha1', 'diffie-hellman-group14-sha1', 'diffie-hellman-group1-sha1'] server key:['ssh-rsa', 'ssh-dss'] client encrypt:['aes128-ctr', 'aes192-ctr', 'aes256-ctr', 'arcfour256', 'arcfour128', 'aes128-cbc', '3des-cbc', 'blowfish-cbc', 'cast128-cbc', 'aes192-cbc', 'aes256-cbc', 'arcfour', 'rijndael-cbc@lysator.liu.se'] server encrypt:['aes128-ctr', 'aes192-ctr', 'aes256-ctr', 'arcfour256', 'arcfour128', 'aes128-cbc', '3des-cbc', 'blowfish-cbc', 'cast128-cbc', 'aes192-cbc', 'aes256-cbc', 'arcfour', 'rijndael-cbc@lysator.liu.se'] client mac:['hmac-md5', 'hmac-sha1', 'hmac-ripemd160', 'hmac-ripemd160@openssh.com', 'hmac-sha1-96', 'hmac-md5-96'] server mac:['hmac-md5', 'hmac-sha1', 'hmac-ripemd160', 'hmac-ripemd160@openssh.com', 'hmac-sha1-96', 'hmac-md5-96'] client compress:['none', 'zlib@openssh.com'] server compress:['none', 'zlib@openssh.com'] client lang:[''] server lang:[''] kex follows?False
DEB [20121121-14:15:45.034] thr=1   paramiko.transport: Ciphers agreed: local=aes128-ctr, remote=aes128-ctr
DEB [20121121-14:15:45.034] thr=1   paramiko.transport: using kex diffie-hellman-group1-sha1; server key type ssh-rsa; cipher: local aes128-ctr, remote aes128-ctr; mac: local hmac-sha1, remote hmac-sha1; compression: local none, remote none
DEB [20121121-14:15:45.178] thr=1   paramiko.transport: Switch to new keys ...
DEB [20121121-14:15:45.186] thr=2   paramiko.transport: Attempting password auth...
DEB [20121121-14:15:45.391] thr=1   paramiko.transport: userauth is OK
INF [20121121-14:15:45.880] thr=1   paramiko.transport: Authentication (password) successful!
DEB [20121121-14:15:45.896] thr=2   paramiko.transport: [chan 1] Max packet in: 34816 bytes
DEB [20121121-14:15:46.068] thr=1   paramiko.transport: [chan 1] Max packet out: 32768 bytes
INF [20121121-14:15:46.068] thr=1   paramiko.transport: Secsh channel 1 opened.
DEB [20121121-14:15:46.187] thr=1   paramiko.transport: [chan 1] Sesch channel 1 request ok
INF [20121121-14:15:47.621] thr=2   paramiko.transport.sftp: [chan 1] Opened sftp connection (server version 3)
DEB [20121121-14:15:47.621] thr=2   paramiko.transport.sftp: [chan 1] listdir('/afs/cern.ch/user/a/attikis/scratch0/')
DEB [20121121-14:15:48.041] thr=2   paramiko.transport.sftp: [chan 1] open('/afs/cern.ch/user/a/attikis/scratch0/Python_Unix_and_Linux_admin.pdf', 'wb')
DEB [20121121-14:15:48.129] thr=2   paramiko.transport.sftp: [chan 1] open('/afs/cern.ch/user/a/attikis/scratch0/Python_Unix_and_Linux_admin.pdf', 'wb') -> 00000000
DEB [20121121-14:16:28.034] thr=2   paramiko.transport.sftp: [chan 1] close(00000000)
DEB [20121121-14:16:29.997] thr=2   paramiko.transport.sftp: [chan 1] stat('/afs/cern.ch/user/a/attikis/scratch0/Python_Unix_and_Linux_admin.pdf')
DEB [20121121-14:16:30.085] thr=2   paramiko.transport.sftp: [chan 1] listdir('/afs/cern.ch/user/a/attikis/scratch0/')
DEB [20121121-14:16:30.536] thr=1   paramiko.transport: EOF in transport thread
