DEB [20121126-17:57:50.021] thr=1   paramiko.transport: starting thread (client mode): 0xed8b390L
INF [20121126-17:57:50.116] thr=1   paramiko.transport: Connected (version 2.0, client OpenSSH_4.3)
DEB [20121126-17:57:50.208] thr=1   paramiko.transport: kex algos:['diffie-hellman-group-exchange-sha1', 'diffie-hellman-group14-sha1', 'diffie-hellman-group1-sha1'] server key:['ssh-rsa', 'ssh-dss'] client encrypt:['aes128-ctr', 'aes192-ctr', 'aes256-ctr', 'arcfour256', 'arcfour128', 'aes128-cbc', '3des-cbc', 'blowfish-cbc', 'cast128-cbc', 'aes192-cbc', 'aes256-cbc', 'arcfour', 'rijndael-cbc@lysator.liu.se'] server encrypt:['aes128-ctr', 'aes192-ctr', 'aes256-ctr', 'arcfour256', 'arcfour128', 'aes128-cbc', '3des-cbc', 'blowfish-cbc', 'cast128-cbc', 'aes192-cbc', 'aes256-cbc', 'arcfour', 'rijndael-cbc@lysator.liu.se'] client mac:['hmac-md5', 'hmac-sha1', 'hmac-ripemd160', 'hmac-ripemd160@openssh.com', 'hmac-sha1-96', 'hmac-md5-96'] server mac:['hmac-md5', 'hmac-sha1', 'hmac-ripemd160', 'hmac-ripemd160@openssh.com', 'hmac-sha1-96', 'hmac-md5-96'] client compress:['none', 'zlib@openssh.com'] server compress:['none', 'zlib@openssh.com'] client lang:[''] server lang:[''] kex follows?False
DEB [20121126-17:57:50.208] thr=1   paramiko.transport: Ciphers agreed: local=aes128-ctr, remote=aes128-ctr
DEB [20121126-17:57:50.208] thr=1   paramiko.transport: using kex diffie-hellman-group1-sha1; server key type ssh-rsa; cipher: local aes128-ctr, remote aes128-ctr; mac: local hmac-sha1, remote hmac-sha1; compression: local none, remote none
DEB [20121126-17:57:50.355] thr=1   paramiko.transport: Switch to new keys ...
DEB [20121126-17:57:50.360] thr=2   paramiko.transport: Attempting password auth...
DEB [20121126-17:57:50.573] thr=1   paramiko.transport: userauth is OK
INF [20121126-17:57:50.826] thr=1   paramiko.transport: Authentication (password) successful!
DEB [20121126-17:57:50.833] thr=2   paramiko.transport: [chan 1] Max packet in: 34816 bytes
DEB [20121126-17:57:51.027] thr=1   paramiko.transport: [chan 1] Max packet out: 32768 bytes
INF [20121126-17:57:51.028] thr=1   paramiko.transport: Secsh channel 1 opened.
DEB [20121126-17:57:51.127] thr=1   paramiko.transport: [chan 1] Sesch channel 1 request ok
INF [20121126-17:57:52.579] thr=2   paramiko.transport.sftp: [chan 1] Opened sftp connection (server version 3)
DEB [20121126-17:57:52.580] thr=2   paramiko.transport.sftp: [chan 1] listdir('/afs/cern.ch/user/a/attikis/scratch0/Top2HPlus/')
DEB [20121126-17:57:52.954] thr=2   paramiko.transport.sftp: [chan 1] stat('/afs/cern.ch/user/a/attikis/scratch0/Top2HPlus/.git')
DEB [20121126-17:57:53.044] thr=2   paramiko.transport.sftp: [chan 1] stat('/afs/cern.ch/user/a/attikis/scratch0/Top2HPlus/.gitignore')
DEB [20121126-17:57:53.135] thr=2   paramiko.transport.sftp: [chan 1] open('/afs/cern.ch/user/a/attikis/scratch0/Top2HPlus/.gitignore', 'rb')
DEB [20121126-17:57:53.224] thr=2   paramiko.transport.sftp: [chan 1] open('/afs/cern.ch/user/a/attikis/scratch0/Top2HPlus/.gitignore', 'rb') -> 00000000
DEB [20121126-17:57:53.224] thr=2   paramiko.transport.sftp: [chan 1] stat('/afs/cern.ch/user/a/attikis/scratch0/Top2HPlus/.gitignore')
DEB [20121126-17:57:53.683] thr=2   paramiko.transport.sftp: [chan 1] close(00000000)
DEB [20121126-17:57:53.772] thr=2   paramiko.transport.sftp: [chan 1] stat('/afs/cern.ch/user/a/attikis/scratch0/Top2HPlus/README')
DEB [20121126-17:57:53.865] thr=2   paramiko.transport.sftp: [chan 1] open('/afs/cern.ch/user/a/attikis/scratch0/Top2HPlus/README', 'rb')
DEB [20121126-17:57:53.956] thr=2   paramiko.transport.sftp: [chan 1] open('/afs/cern.ch/user/a/attikis/scratch0/Top2HPlus/README', 'rb') -> 00000000
DEB [20121126-17:57:53.957] thr=2   paramiko.transport.sftp: [chan 1] stat('/afs/cern.ch/user/a/attikis/scratch0/Top2HPlus/README')
DEB [20121126-17:57:54.412] thr=2   paramiko.transport.sftp: [chan 1] close(00000000)
DEB [20121126-17:57:54.502] thr=2   paramiko.transport.sftp: [chan 1] stat('/afs/cern.ch/user/a/attikis/scratch0/Top2HPlus/data')
DEB [20121126-17:57:54.592] thr=2   paramiko.transport.sftp: [chan 1] stat('/afs/cern.ch/user/a/attikis/scratch0/Top2HPlus/koe.txt')
DEB [20121126-17:57:54.683] thr=2   paramiko.transport.sftp: [chan 1] open('/afs/cern.ch/user/a/attikis/scratch0/Top2HPlus/koe.txt', 'rb')
DEB [20121126-17:57:54.775] thr=2   paramiko.transport.sftp: [chan 1] open('/afs/cern.ch/user/a/attikis/scratch0/Top2HPlus/koe.txt', 'rb') -> 00000000
DEB [20121126-17:57:54.775] thr=2   paramiko.transport.sftp: [chan 1] stat('/afs/cern.ch/user/a/attikis/scratch0/Top2HPlus/koe.txt')
DEB [20121126-17:57:55.227] thr=2   paramiko.transport.sftp: [chan 1] close(00000000)
DEB [20121126-17:57:55.320] thr=2   paramiko.transport.sftp: [chan 1] stat('/afs/cern.ch/user/a/attikis/scratch0/Top2HPlus/src')
DEB [20121126-17:57:55.411] thr=2   paramiko.transport.sftp: [chan 1] stat('/afs/cern.ch/user/a/attikis/scratch0/Top2HPlus/workspace')
DEB [20121126-17:57:55.502] thr=2   paramiko.transport.sftp: [chan 1] stat('/afs/cern.ch/user/a/attikis/scratch0/Top2HPlus/root')
DEB [20121126-17:57:55.595] thr=2   paramiko.transport.sftp: [chan 1] stat('/afs/cern.ch/user/a/attikis/scratch0/Top2HPlus/programs')
DEB [20121126-17:57:55.687] thr=2   paramiko.transport.sftp: [chan 1] stat('/afs/cern.ch/user/a/attikis/scratch0/Top2HPlus/bin')
DEB [20121126-17:57:55.778] thr=2   paramiko.transport.sftp: [chan 1] stat('/afs/cern.ch/user/a/attikis/scratch0/Top2HPlus/refs')
DEB [20121126-17:57:55.868] thr=2   paramiko.transport.sftp: [chan 1] stat('/afs/cern.ch/user/a/attikis/scratch0/Top2HPlus/info')
DEB [20121126-17:57:55.963] thr=2   paramiko.transport.sftp: [chan 1] stat('/afs/cern.ch/user/a/attikis/scratch0/Top2HPlus/branches')
DEB [20121126-17:57:56.054] thr=2   paramiko.transport.sftp: [chan 1] stat('/afs/cern.ch/user/a/attikis/scratch0/Top2HPlus/hooks')
DEB [20121126-17:57:56.145] thr=2   paramiko.transport.sftp: [chan 1] stat('/afs/cern.ch/user/a/attikis/scratch0/Top2HPlus/description')
DEB [20121126-17:57:56.235] thr=2   paramiko.transport.sftp: [chan 1] open('/afs/cern.ch/user/a/attikis/scratch0/Top2HPlus/description', 'rb')
DEB [20121126-17:57:56.325] thr=2   paramiko.transport.sftp: [chan 1] open('/afs/cern.ch/user/a/attikis/scratch0/Top2HPlus/description', 'rb') -> 00000000
DEB [20121126-17:57:56.325] thr=2   paramiko.transport.sftp: [chan 1] stat('/afs/cern.ch/user/a/attikis/scratch0/Top2HPlus/description')
DEB [20121126-17:57:56.787] thr=2   paramiko.transport.sftp: [chan 1] close(00000000)
DEB [20121126-17:57:56.876] thr=2   paramiko.transport.sftp: [chan 1] stat('/afs/cern.ch/user/a/attikis/scratch0/Top2HPlus/objects')
DEB [20121126-17:57:56.967] thr=2   paramiko.transport.sftp: [chan 1] stat('/afs/cern.ch/user/a/attikis/scratch0/Top2HPlus/HEAD')
DEB [20121126-17:57:57.059] thr=2   paramiko.transport.sftp: [chan 1] open('/afs/cern.ch/user/a/attikis/scratch0/Top2HPlus/HEAD', 'rb')
DEB [20121126-17:57:57.152] thr=2   paramiko.transport.sftp: [chan 1] open('/afs/cern.ch/user/a/attikis/scratch0/Top2HPlus/HEAD', 'rb') -> 00000000
DEB [20121126-17:57:57.153] thr=2   paramiko.transport.sftp: [chan 1] stat('/afs/cern.ch/user/a/attikis/scratch0/Top2HPlus/HEAD')
DEB [20121126-17:57:57.603] thr=2   paramiko.transport.sftp: [chan 1] close(00000000)
DEB [20121126-17:57:57.693] thr=2   paramiko.transport.sftp: [chan 1] stat('/afs/cern.ch/user/a/attikis/scratch0/Top2HPlus/config')
DEB [20121126-17:57:57.783] thr=2   paramiko.transport.sftp: [chan 1] open('/afs/cern.ch/user/a/attikis/scratch0/Top2HPlus/config', 'rb')
DEB [20121126-17:57:57.876] thr=2   paramiko.transport.sftp: [chan 1] open('/afs/cern.ch/user/a/attikis/scratch0/Top2HPlus/config', 'rb') -> 00000000
DEB [20121126-17:57:57.876] thr=2   paramiko.transport.sftp: [chan 1] stat('/afs/cern.ch/user/a/attikis/scratch0/Top2HPlus/config')
DEB [20121126-17:57:58.472] thr=2   paramiko.transport.sftp: [chan 1] close(00000000)
DEB [20121126-17:57:58.663] thr=1   paramiko.transport: EOF in transport thread
